<?xml version="1.0" encoding="UTF-8"?>
<!-- Generated by org.testng.reporters.JUnitReportReporter -->
<testsuite hostname="Prasannakumar" failures="0" tests="3" name="alerts.AboutAlerts" time="24.374" errors="0" timestamp="2024-04-24T09:55:19 IST" skipped="0">
  <testcase classname="alerts.AboutAlerts" name="confirmationAlert" time="8.502"/>
  <system-out/>
  <testcase classname="alerts.AboutAlerts" name="normalAlert" time="9.201"/>
  <system-out/>
  <testcase classname="alerts.AboutAlerts" name="promptAlert" time="6.671"/>
  <system-out/>
</testsuite> <!-- alerts.AboutAlerts -->
