<?xml version="1.0" encoding="UTF-8"?>
<!-- Generated by org.testng.reporters.JUnitReportReporter -->
<testsuite hostname="Prasannakumar" failures="0" tests="1" name="aboutframes.FrameCocnept" time="4.449" errors="0" timestamp="2024-04-19T09:40:34 IST" skipped="0">
  <testcase classname="aboutframes.FrameCocnept" name="MultipleFrame" time="4.449"/>
  <system-out/>
</testsuite> <!-- aboutframes.FrameCocnept -->
