<?xml version="1.0" encoding="UTF-8"?>
<!-- Generated by org.testng.reporters.JUnitReportReporter -->
<testsuite hostname="Prasannakumar" failures="0" tests="5" name="alerts.demoAnnotation" time="1.041" errors="1" timestamp="2024-04-16T10:05:08 IST" skipped="0">
  <testcase classname="alerts.demoAnnotation" name="m2" time="0.013"/>
  <system-out/>
  <testcase classname="alerts.demoAnnotation" name="m3" time="1.017">
    <error message="Method alerts.demoAnnotation.m3() didn&#039;t finish within the time-out 1000" type="org.testng.internal.thread.ThreadTimeoutException">
      <![CDATA[org.testng.internal.thread.ThreadTimeoutException: Method alerts.demoAnnotation.m3() didn't finish within the time-out 1000
at java.base@17.0.8/java.lang.Thread.sleep(Native Method)
at app//alerts.demoAnnotation.m3(demoAnnotation.java:32)
at java.base@17.0.8/jdk.internal.reflect.NativeMethodAccessorImpl.invoke0(Native Method)
at java.base@17.0.8/jdk.internal.reflect.NativeMethodAccessorImpl.invoke(NativeMethodAccessorImpl.java:77)
at java.base@17.0.8/jdk.internal.reflect.DelegatingMethodAccessorImpl.invoke(DelegatingMethodAccessorImpl.java:43)
at java.base@17.0.8/java.lang.reflect.Method.invoke(Method.java:568)
at app//org.testng.internal.invokers.MethodInvocationHelper.invokeMethod(MethodInvocationHelper.java:139)
at app//org.testng.internal.invokers.InvokeMethodRunnable.runOne(InvokeMethodRunnable.java:47)
at app//org.testng.internal.invokers.InvokeMethodRunnable.call(InvokeMethodRunnable.java:76)
at app//org.testng.internal.invokers.InvokeMethodRunnable.call(InvokeMethodRunnable.java:11)
at java.base@17.0.8/java.util.concurrent.FutureTask.run(FutureTask.java:264)
at java.base@17.0.8/java.util.concurrent.ThreadPoolExecutor.runWorker(ThreadPoolExecutor.java:1136)
at java.base@17.0.8/java.util.concurrent.ThreadPoolExecutor$Worker.run(ThreadPoolExecutor.java:635)
at java.base@17.0.8/java.lang.Thread.run(Thread.java:833)
]]>
    </error>
  </testcase> <!-- m3 -->
  <system-out/>
  <testcase classname="alerts.demoAnnotation" name="m2" time="0.003"/>
  <system-out/>
  <testcase classname="alerts.demoAnnotation" name="m1" time="0.007"/>
  <system-out/>
  <testcase classname="alerts.demoAnnotation" name="m2" time="0.001"/>
  <system-out/>
</testsuite> <!-- alerts.demoAnnotation -->
