<?xml version="1.0" encoding="UTF-8"?>
<!-- Generated by org.testng.reporters.JUnitReportReporter -->
<testsuite hostname="Prasannakumar" failures="0" tests="1" name="js.DemoJS" time="3.763" errors="0" timestamp="2024-04-19T10:22:10 IST" skipped="0">
  <testcase classname="js.DemoJS" name="scroll" time="3.763"/>
  <system-out/>
</testsuite> <!-- js.DemoJS -->
