<?xml version="1.0" encoding="UTF-8"?>
<!-- Generated by org.testng.reporters.JUnitReportReporter -->
<testsuite hostname="Prasannakumar" failures="0" tests="1" name="abouttable.tabledemo" time="8.467" errors="0" timestamp="2024-04-23T09:59:39 IST" skipped="0">
  <testcase classname="abouttable.tabledemo" name="getTbodyData" time="8.467"/>
  <system-out/>
</testsuite> <!-- abouttable.tabledemo -->
