<?xml version="1.0" encoding="UTF-8"?>
<!-- Generated by org.testng.reporters.JUnitReportReporter -->
<testsuite hostname="Prasannakumar" failures="0" tests="1" name="multiplewindowhandling.demoHandel" time="10.379" errors="0" timestamp="2024-04-29T09:50:33 IST" skipped="0">
  <testcase classname="multiplewindowhandling.demoHandel" name="verifyMultipleWindowFunctionality" time="10.379"/>
  <system-out/>
</testsuite> <!-- multiplewindowhandling.demoHandel -->
