<?xml version="1.0" encoding="UTF-8"?>
<!-- Generated by org.testng.reporters.JUnitReportReporter -->
<testsuite hostname="Prasannakumar" failures="0" tests="1" name="js.DemoJS" time="3.505" errors="0" timestamp="2024-04-24T09:55:19 IST" skipped="0">
  <testcase classname="js.DemoJS" name="jsClick" time="3.505"/>
  <system-out/>
</testsuite> <!-- js.DemoJS -->
