<?xml version="1.0" encoding="UTF-8"?>
<!-- Generated by org.testng.reporters.JUnitReportReporter -->
<testsuite hostname="Prasannakumar" failures="0" tests="1" name="alerts.AboutAlerts" time="10.659" errors="0" timestamp="2024-04-16T09:40:17 IST" skipped="0">
  <testcase classname="alerts.AboutAlerts" name="normalAlert" time="10.659"/>
  <system-out/>
</testsuite> <!-- alerts.AboutAlerts -->
