<?xml version="1.0" encoding="UTF-8"?>
<!-- Generated by org.testng.reporters.JUnitReportReporter -->
<testsuite hostname="Prasannakumar" failures="0" tests="1" name="alerts.attribuets" time="0.005" errors="0" timestamp="2024-04-24T10:00:28 IST" skipped="0">
  <testcase classname="alerts.attribuets" name="login" time="0.005"/>
  <system-out/>
</testsuite> <!-- alerts.attribuets -->
