<?xml version="1.0" encoding="UTF-8"?>
<!-- Generated by org.testng.reporters.JUnitReportReporter -->
<testsuite hostname="Prasannakumar" failures="0" tests="2" name="alerts.dump" time="0.002" errors="0" timestamp="2024-04-24T10:00:28 IST" skipped="0">
  <testcase classname="alerts.dump" name="m5" time="0.001"/>
  <system-out/>
  <testcase classname="alerts.dump" name="m4" time="0.001"/>
  <system-out/>
</testsuite> <!-- alerts.dump -->
